{"C:\\Users\\Hp\\Documents\\Projects\\React-hotel-app\\client\\src\\setupTests.js": {"path":"C:\\Users\\Hp\\Documents\\Projects\\React-hotel-app\\client\\src\\setupTests.js","statementMap":{"0":{"start":{"line":5,"column":0},"end":{"line":5,"column":38}}},"fnMap":{},"branchMap":{},"s":{"0":8},"f":{},"b":{},"_coverageSchema":"332fd63041d2c1bcb487cc26dd0d5f7d97098a6c","hash":"a208e0f0a8cff0437fb3122b8b90c34503be6dfc"}
,"C:\\Users\\Hp\\Documents\\Projects\\React-hotel-app\\client\\src\\actions\\index.js": {"path":"C:\\Users\\Hp\\Documents\\Projects\\React-hotel-app\\client\\src\\actions\\index.js","statementMap":{"0":{"start":{"line":3,"column":27},"end":{"line":9,"column":1}},"1":{"start":{"line":3,"column":33},"end":{"line":9,"column":1}},"2":{"start":{"line":4,"column":13},"end":{"line":4,"column":43}},"3":{"start":{"line":5,"column":1},"end":{"line":8,"column":4}},"4":{"start":{"line":11,"column":25},"end":{"line":17,"column":1}},"5":{"start":{"line":11,"column":31},"end":{"line":17,"column":1}},"6":{"start":{"line":12,"column":13},"end":{"line":12,"column":49}},"7":{"start":{"line":13,"column":1},"end":{"line":16,"column":4}},"8":{"start":{"line":19,"column":28},"end":{"line":22,"column":2}},"9":{"start":{"line":19,"column":39},"end":{"line":22,"column":1}},"10":{"start":{"line":24,"column":26},"end":{"line":27,"column":2}},"11":{"start":{"line":24,"column":35},"end":{"line":27,"column":1}},"12":{"start":{"line":29,"column":27},"end":{"line":35,"column":1}},"13":{"start":{"line":29,"column":38},"end":{"line":35,"column":1}},"14":{"start":{"line":30,"column":13},"end":{"line":30,"column":51}},"15":{"start":{"line":31,"column":1},"end":{"line":34,"column":4}},"16":{"start":{"line":37,"column":33},"end":{"line":43,"column":1}},"17":{"start":{"line":37,"column":39},"end":{"line":43,"column":1}},"18":{"start":{"line":38,"column":13},"end":{"line":38,"column":42}},"19":{"start":{"line":39,"column":1},"end":{"line":42,"column":4}},"20":{"start":{"line":45,"column":28},"end":{"line":53,"column":1}},"21":{"start":{"line":45,"column":49},"end":{"line":53,"column":1}},"22":{"start":{"line":46,"column":1},"end":{"line":46,"column":31}},"23":{"start":{"line":47,"column":13},"end":{"line":47,"column":52}},"24":{"start":{"line":48,"column":1},"end":{"line":48,"column":30}},"25":{"start":{"line":49,"column":1},"end":{"line":52,"column":4}}},"fnMap":{"0":{"name":"(anonymous_0)","decl":{"start":{"line":3,"column":27},"end":{"line":3,"column":28}},"loc":{"start":{"line":3,"column":33},"end":{"line":9,"column":1}},"line":3},"1":{"name":"(anonymous_1)","decl":{"start":{"line":3,"column":33},"end":{"line":3,"column":34}},"loc":{"start":{"line":3,"column":52},"end":{"line":9,"column":1}},"line":3},"2":{"name":"(anonymous_2)","decl":{"start":{"line":11,"column":25},"end":{"line":11,"column":26}},"loc":{"start":{"line":11,"column":31},"end":{"line":17,"column":1}},"line":11},"3":{"name":"(anonymous_3)","decl":{"start":{"line":11,"column":31},"end":{"line":11,"column":32}},"loc":{"start":{"line":11,"column":50},"end":{"line":17,"column":1}},"line":11},"4":{"name":"(anonymous_4)","decl":{"start":{"line":19,"column":28},"end":{"line":19,"column":29}},"loc":{"start":{"line":19,"column":39},"end":{"line":22,"column":1}},"line":19},"5":{"name":"(anonymous_5)","decl":{"start":{"line":24,"column":26},"end":{"line":24,"column":27}},"loc":{"start":{"line":24,"column":35},"end":{"line":27,"column":1}},"line":24},"6":{"name":"(anonymous_6)","decl":{"start":{"line":29,"column":27},"end":{"line":29,"column":28}},"loc":{"start":{"line":29,"column":38},"end":{"line":35,"column":1}},"line":29},"7":{"name":"(anonymous_7)","decl":{"start":{"line":29,"column":38},"end":{"line":29,"column":39}},"loc":{"start":{"line":29,"column":58},"end":{"line":35,"column":1}},"line":29},"8":{"name":"(anonymous_8)","decl":{"start":{"line":37,"column":33},"end":{"line":37,"column":34}},"loc":{"start":{"line":37,"column":39},"end":{"line":43,"column":1}},"line":37},"9":{"name":"(anonymous_9)","decl":{"start":{"line":37,"column":39},"end":{"line":37,"column":40}},"loc":{"start":{"line":37,"column":58},"end":{"line":43,"column":1}},"line":37},"10":{"name":"(anonymous_10)","decl":{"start":{"line":45,"column":28},"end":{"line":45,"column":29}},"loc":{"start":{"line":45,"column":49},"end":{"line":53,"column":1}},"line":45},"11":{"name":"(anonymous_11)","decl":{"start":{"line":45,"column":49},"end":{"line":45,"column":50}},"loc":{"start":{"line":45,"column":69},"end":{"line":53,"column":1}},"line":45}},"branchMap":{},"s":{"0":1,"1":0,"2":0,"3":0,"4":1,"5":0,"6":0,"7":0,"8":1,"9":0,"10":1,"11":0,"12":1,"13":0,"14":0,"15":0,"16":1,"17":0,"18":0,"19":0,"20":1,"21":0,"22":0,"23":0,"24":0,"25":0},"f":{"0":0,"1":0,"2":0,"3":0,"4":0,"5":0,"6":0,"7":0,"8":0,"9":0,"10":0,"11":0},"b":{},"_coverageSchema":"332fd63041d2c1bcb487cc26dd0d5f7d97098a6c","hash":"7c3fefe65b16465f6b53ddbea342a7e2bdf880a5"}
,"C:\\Users\\Hp\\Documents\\Projects\\React-hotel-app\\client\\src\\components\\ModalWindow.jsx": {"path":"C:\\Users\\Hp\\Documents\\Projects\\React-hotel-app\\client\\src\\components\\ModalWindow.jsx","statementMap":{"0":{"start":{"line":5,"column":21},"end":{"line":15,"column":1}},"1":{"start":{"line":17,"column":20},"end":{"line":31,"column":1}},"2":{"start":{"line":18,"column":1},"end":{"line":18,"column":30}},"3":{"start":{"line":19,"column":1},"end":{"line":30,"column":11}}},"fnMap":{"0":{"name":"(anonymous_0)","decl":{"start":{"line":17,"column":20},"end":{"line":17,"column":21}},"loc":{"start":{"line":17,"column":31},"end":{"line":31,"column":1}},"line":17}},"branchMap":{},"s":{"0":1,"1":1,"2":0,"3":0},"f":{"0":0},"b":{},"_coverageSchema":"332fd63041d2c1bcb487cc26dd0d5f7d97098a6c","hash":"7a63d0818f8b1af0c51bc9b81f1ee934895e2b33"}
,"C:\\Users\\Hp\\Documents\\Projects\\React-hotel-app\\client\\src\\components\\External\\Rating\\StarFullFilled.jsx": {"path":"C:\\Users\\Hp\\Documents\\Projects\\React-hotel-app\\client\\src\\components\\External\\Rating\\StarFullFilled.jsx","statementMap":{"0":{"start":{"line":4,"column":23},"end":{"line":10,"column":1}},"1":{"start":{"line":5,"column":1},"end":{"line":9,"column":7}},"2":{"start":{"line":12,"column":0},"end":{"line":15,"column":2}}},"fnMap":{"0":{"name":"(anonymous_0)","decl":{"start":{"line":4,"column":23},"end":{"line":4,"column":24}},"loc":{"start":{"line":5,"column":1},"end":{"line":9,"column":7}},"line":5}},"branchMap":{},"s":{"0":1,"1":1,"2":1},"f":{"0":1},"b":{},"_coverageSchema":"332fd63041d2c1bcb487cc26dd0d5f7d97098a6c","hash":"81eac475ad0316c0fe85e8f0d908df73f1987ead"}
,"C:\\Users\\Hp\\Documents\\Projects\\React-hotel-app\\client\\src\\components\\External\\Rating\\StarOutlined.jsx": {"path":"C:\\Users\\Hp\\Documents\\Projects\\React-hotel-app\\client\\src\\components\\External\\Rating\\StarOutlined.jsx","statementMap":{"0":{"start":{"line":4,"column":21},"end":{"line":10,"column":1}},"1":{"start":{"line":5,"column":1},"end":{"line":9,"column":7}},"2":{"start":{"line":12,"column":0},"end":{"line":15,"column":2}}},"fnMap":{"0":{"name":"(anonymous_0)","decl":{"start":{"line":4,"column":21},"end":{"line":4,"column":22}},"loc":{"start":{"line":5,"column":1},"end":{"line":9,"column":7}},"line":5}},"branchMap":{},"s":{"0":1,"1":1,"2":1},"f":{"0":1},"b":{},"_coverageSchema":"332fd63041d2c1bcb487cc26dd0d5f7d97098a6c","hash":"15f49b75120b5e887e8bf347b8851794be89047b"}
,"C:\\Users\\Hp\\Documents\\Projects\\React-hotel-app\\client\\src\\components\\External\\ToggleButton\\ToggleButton.jsx": {"path":"C:\\Users\\Hp\\Documents\\Projects\\React-hotel-app\\client\\src\\components\\External\\ToggleButton\\ToggleButton.jsx","statementMap":{"0":{"start":{"line":5,"column":2},"end":{"line":5,"column":15}},"1":{"start":{"line":6,"column":2},"end":{"line":6,"column":55}},"2":{"start":{"line":10,"column":2},"end":{"line":10,"column":39}},"3":{"start":{"line":14,"column":2},"end":{"line":18,"column":19}}},"fnMap":{"0":{"name":"(anonymous_0)","decl":{"start":{"line":4,"column":1},"end":{"line":4,"column":2}},"loc":{"start":{"line":4,"column":20},"end":{"line":7,"column":2}},"line":4},"1":{"name":"(anonymous_1)","decl":{"start":{"line":9,"column":1},"end":{"line":9,"column":2}},"loc":{"start":{"line":9,"column":18},"end":{"line":11,"column":2}},"line":9},"2":{"name":"(anonymous_2)","decl":{"start":{"line":13,"column":1},"end":{"line":13,"column":2}},"loc":{"start":{"line":13,"column":10},"end":{"line":19,"column":2}},"line":13}},"branchMap":{"0":{"loc":{"start":{"line":16,"column":42},"end":{"line":16,"column":87}},"type":"cond-expr","locations":[{"start":{"line":16,"column":67},"end":{"line":16,"column":73}},{"start":{"line":16,"column":76},"end":{"line":16,"column":87}}],"line":16}},"s":{"0":4,"1":4,"2":1,"3":4},"f":{"0":4,"1":1,"2":4},"b":{"0":[1,3]},"_coverageSchema":"332fd63041d2c1bcb487cc26dd0d5f7d97098a6c","hash":"e98f34fc1bcc5ce2942f2f8bf39f09cb68e6132f"}
,"C:\\Users\\Hp\\Documents\\Projects\\React-hotel-app\\client\\src\\components\\Header\\Header.jsx": {"path":"C:\\Users\\Hp\\Documents\\Projects\\React-hotel-app\\client\\src\\components\\Header\\Header.jsx","statementMap":{"0":{"start":{"line":13,"column":2},"end":{"line":13,"column":15}},"1":{"start":{"line":15,"column":2},"end":{"line":15,"column":49}},"2":{"start":{"line":16,"column":2},"end":{"line":16,"column":51}},"3":{"start":{"line":18,"column":2},"end":{"line":20,"column":4}},"4":{"start":{"line":24,"column":2},"end":{"line":24,"column":37}},"5":{"start":{"line":28,"column":2},"end":{"line":28,"column":38}},"6":{"start":{"line":32,"column":2},"end":{"line":39,"column":3}},"7":{"start":{"line":43,"column":24},"end":{"line":47,"column":1}},"8":{"start":{"line":44,"column":1},"end":{"line":46,"column":3}}},"fnMap":{"0":{"name":"(anonymous_0)","decl":{"start":{"line":12,"column":1},"end":{"line":12,"column":2}},"loc":{"start":{"line":12,"column":20},"end":{"line":21,"column":2}},"line":12},"1":{"name":"(anonymous_1)","decl":{"start":{"line":23,"column":1},"end":{"line":23,"column":2}},"loc":{"start":{"line":23,"column":15},"end":{"line":25,"column":2}},"line":23},"2":{"name":"(anonymous_2)","decl":{"start":{"line":27,"column":1},"end":{"line":27,"column":2}},"loc":{"start":{"line":27,"column":16},"end":{"line":29,"column":2}},"line":27},"3":{"name":"(anonymous_3)","decl":{"start":{"line":31,"column":1},"end":{"line":31,"column":2}},"loc":{"start":{"line":31,"column":10},"end":{"line":40,"column":2}},"line":31},"4":{"name":"(anonymous_4)","decl":{"start":{"line":43,"column":24},"end":{"line":43,"column":25}},"loc":{"start":{"line":43,"column":43},"end":{"line":47,"column":1}},"line":43}},"branchMap":{},"s":{"0":1,"1":1,"2":1,"3":1,"4":0,"5":0,"6":1,"7":1,"8":0},"f":{"0":1,"1":0,"2":0,"3":1,"4":0},"b":{},"_coverageSchema":"332fd63041d2c1bcb487cc26dd0d5f7d97098a6c","hash":"4db6bedbec3b27c952bb15442c439180481a2051"}
,"C:\\Users\\Hp\\Documents\\Projects\\React-hotel-app\\client\\src\\components\\HotelImage\\HotelImage.jsx": {"path":"C:\\Users\\Hp\\Documents\\Projects\\React-hotel-app\\client\\src\\components\\HotelImage\\HotelImage.jsx","statementMap":{"0":{"start":{"line":10,"column":19},"end":{"line":18,"column":1}},"1":{"start":{"line":11,"column":1},"end":{"line":17,"column":2}}},"fnMap":{"0":{"name":"(anonymous_0)","decl":{"start":{"line":10,"column":19},"end":{"line":10,"column":20}},"loc":{"start":{"line":10,"column":36},"end":{"line":18,"column":1}},"line":10}},"branchMap":{"0":{"loc":{"start":{"line":15,"column":3},"end":{"line":15,"column":127}},"type":"cond-expr","locations":[{"start":{"line":15,"column":31},"end":{"line":15,"column":62}},{"start":{"line":15,"column":65},"end":{"line":15,"column":127}}],"line":15}},"s":{"0":1,"1":2},"f":{"0":2},"b":{"0":[0,2]},"_coverageSchema":"332fd63041d2c1bcb487cc26dd0d5f7d97098a6c","hash":"783392dc09e8943fe9a65f7f2f8a54816147f311"}
,"C:\\Users\\Hp\\Documents\\Projects\\React-hotel-app\\client\\src\\components\\HotelLink\\HotelLink.jsx": {"path":"C:\\Users\\Hp\\Documents\\Projects\\React-hotel-app\\client\\src\\components\\HotelLink\\HotelLink.jsx","statementMap":{"0":{"start":{"line":10,"column":18},"end":{"line":14,"column":1}},"1":{"start":{"line":11,"column":1},"end":{"line":13,"column":7}}},"fnMap":{"0":{"name":"(anonymous_0)","decl":{"start":{"line":10,"column":18},"end":{"line":10,"column":19}},"loc":{"start":{"line":11,"column":1},"end":{"line":13,"column":7}},"line":11}},"branchMap":{},"s":{"0":1,"1":1},"f":{"0":1},"b":{},"_coverageSchema":"332fd63041d2c1bcb487cc26dd0d5f7d97098a6c","hash":"7ddf0dbfd2ef31430500e920718edcab7f23c48b"}
,"C:\\Users\\Hp\\Documents\\Projects\\React-hotel-app\\client\\src\\components\\LoginSystem\\LoginSystem.jsx": {"path":"C:\\Users\\Hp\\Documents\\Projects\\React-hotel-app\\client\\src\\components\\LoginSystem\\LoginSystem.jsx","statementMap":{"0":{"start":{"line":15,"column":2},"end":{"line":34,"column":3}},"1":{"start":{"line":17,"column":4},"end":{"line":19,"column":6}},"2":{"start":{"line":21,"column":4},"end":{"line":23,"column":6}},"3":{"start":{"line":25,"column":4},"end":{"line":33,"column":5}},"4":{"start":{"line":38,"column":2},"end":{"line":38,"column":31}},"5":{"start":{"line":39,"column":2},"end":{"line":45,"column":3}},"6":{"start":{"line":57,"column":1},"end":{"line":59,"column":2}}},"fnMap":{"0":{"name":"(anonymous_0)","decl":{"start":{"line":14,"column":1},"end":{"line":14,"column":2}},"loc":{"start":{"line":14,"column":17},"end":{"line":35,"column":2}},"line":14},"1":{"name":"(anonymous_1)","decl":{"start":{"line":37,"column":1},"end":{"line":37,"column":2}},"loc":{"start":{"line":37,"column":10},"end":{"line":46,"column":2}},"line":37},"2":{"name":"mapStateToProps","decl":{"start":{"line":56,"column":9},"end":{"line":56,"column":24}},"loc":{"start":{"line":56,"column":39},"end":{"line":60,"column":1}},"line":56}},"branchMap":{"0":{"loc":{"start":{"line":15,"column":2},"end":{"line":34,"column":3}},"type":"switch","locations":[{"start":{"line":16,"column":3},"end":{"line":19,"column":6}},{"start":{"line":20,"column":3},"end":{"line":23,"column":6}},{"start":{"line":24,"column":3},"end":{"line":33,"column":5}}],"line":15},"1":{"loc":{"start":{"line":41,"column":5},"end":{"line":42,"column":81}},"type":"binary-expr","locations":[{"start":{"line":41,"column":5},"end":{"line":41,"column":20}},{"start":{"line":41,"column":24},"end":{"line":42,"column":81}}],"line":41}},"s":{"0":0,"1":0,"2":0,"3":0,"4":0,"5":0,"6":0},"f":{"0":0,"1":0,"2":0},"b":{"0":[0,0,0],"1":[0,0]},"_coverageSchema":"332fd63041d2c1bcb487cc26dd0d5f7d97098a6c","hash":"4539bcb480184b0f3f36230612ce06b6b3053728"}
,"C:\\Users\\Hp\\Documents\\Projects\\React-hotel-app\\client\\src\\components\\Logo\\Logo.jsx": {"path":"C:\\Users\\Hp\\Documents\\Projects\\React-hotel-app\\client\\src\\components\\Logo\\Logo.jsx","statementMap":{"0":{"start":{"line":6,"column":20},"end":{"line":10,"column":1}},"1":{"start":{"line":7,"column":1},"end":{"line":9,"column":11}}},"fnMap":{"0":{"name":"(anonymous_0)","decl":{"start":{"line":6,"column":20},"end":{"line":6,"column":21}},"loc":{"start":{"line":7,"column":1},"end":{"line":9,"column":11}},"line":7}},"branchMap":{},"s":{"0":2,"1":1},"f":{"0":1},"b":{},"_coverageSchema":"332fd63041d2c1bcb487cc26dd0d5f7d97098a6c","hash":"402531076423c03bbd592a2b44956659e7d81362"}
,"C:\\Users\\Hp\\Documents\\Projects\\React-hotel-app\\client\\src\\components\\Payments\\Payments.jsx": {"path":"C:\\Users\\Hp\\Documents\\Projects\\React-hotel-app\\client\\src\\components\\Payments\\Payments.jsx","statementMap":{"0":{"start":{"line":8,"column":2},"end":{"line":21,"column":3}},"1":{"start":{"line":12,"column":21},"end":{"line":12,"column":50}}},"fnMap":{"0":{"name":"(anonymous_0)","decl":{"start":{"line":7,"column":1},"end":{"line":7,"column":2}},"loc":{"start":{"line":7,"column":10},"end":{"line":22,"column":2}},"line":7},"1":{"name":"(anonymous_1)","decl":{"start":{"line":12,"column":12},"end":{"line":12,"column":13}},"loc":{"start":{"line":12,"column":21},"end":{"line":12,"column":50}},"line":12}},"branchMap":{},"s":{"0":0,"1":0},"f":{"0":0,"1":0},"b":{},"_coverageSchema":"332fd63041d2c1bcb487cc26dd0d5f7d97098a6c","hash":"6abf3d809df9a92fb3799ea2be0ccc2f113e82d9"}
,"C:\\Users\\Hp\\Documents\\Projects\\React-hotel-app\\client\\src\\components\\SVG\\Check.jsx": {"path":"C:\\Users\\Hp\\Documents\\Projects\\React-hotel-app\\client\\src\\components\\SVG\\Check.jsx","statementMap":{"0":{"start":{"line":3,"column":21},"end":{"line":10,"column":1}},"1":{"start":{"line":4,"column":1},"end":{"line":9,"column":2}}},"fnMap":{"0":{"name":"(anonymous_0)","decl":{"start":{"line":3,"column":21},"end":{"line":3,"column":22}},"loc":{"start":{"line":3,"column":32},"end":{"line":10,"column":1}},"line":3}},"branchMap":{},"s":{"0":1,"1":0},"f":{"0":0},"b":{},"_coverageSchema":"332fd63041d2c1bcb487cc26dd0d5f7d97098a6c","hash":"b5ecc8fba6ef5da56e50d613a7d2bba2a7de069c"}
,"C:\\Users\\Hp\\Documents\\Projects\\React-hotel-app\\client\\src\\components\\SVG\\Cross.jsx": {"path":"C:\\Users\\Hp\\Documents\\Projects\\React-hotel-app\\client\\src\\components\\SVG\\Cross.jsx","statementMap":{"0":{"start":{"line":3,"column":21},"end":{"line":10,"column":1}},"1":{"start":{"line":4,"column":1},"end":{"line":9,"column":2}}},"fnMap":{"0":{"name":"(anonymous_0)","decl":{"start":{"line":3,"column":21},"end":{"line":3,"column":22}},"loc":{"start":{"line":3,"column":32},"end":{"line":10,"column":1}},"line":3}},"branchMap":{},"s":{"0":1,"1":0},"f":{"0":0},"b":{},"_coverageSchema":"332fd63041d2c1bcb487cc26dd0d5f7d97098a6c","hash":"3a03221e81abe44f5f50e967e0fc9b82a6867b68"}
,"C:\\Users\\Hp\\Documents\\Projects\\React-hotel-app\\client\\src\\components\\SVG\\GooglePlus.jsx": {"path":"C:\\Users\\Hp\\Documents\\Projects\\React-hotel-app\\client\\src\\components\\SVG\\GooglePlus.jsx","statementMap":{"0":{"start":{"line":3,"column":26},"end":{"line":10,"column":1}},"1":{"start":{"line":4,"column":1},"end":{"line":9,"column":2}}},"fnMap":{"0":{"name":"(anonymous_0)","decl":{"start":{"line":3,"column":26},"end":{"line":3,"column":27}},"loc":{"start":{"line":3,"column":37},"end":{"line":10,"column":1}},"line":3}},"branchMap":{},"s":{"0":1,"1":0},"f":{"0":0},"b":{},"_coverageSchema":"332fd63041d2c1bcb487cc26dd0d5f7d97098a6c","hash":"7baf2d64c7050989762bbca4e88ae53960c41f69"}
,"C:\\Users\\Hp\\Documents\\Projects\\React-hotel-app\\client\\src\\components\\Search\\Search.jsx": {"path":"C:\\Users\\Hp\\Documents\\Projects\\React-hotel-app\\client\\src\\components\\Search\\Search.jsx","statementMap":{"0":{"start":{"line":14,"column":2},"end":{"line":14,"column":49}},"1":{"start":{"line":18,"column":2},"end":{"line":27,"column":3}},"2":{"start":{"line":31,"column":27},"end":{"line":31,"column":41}}},"fnMap":{"0":{"name":"(anonymous_0)","decl":{"start":{"line":13,"column":22},"end":{"line":13,"column":23}},"loc":{"start":{"line":13,"column":68},"end":{"line":15,"column":2}},"line":13},"1":{"name":"(anonymous_1)","decl":{"start":{"line":17,"column":1},"end":{"line":17,"column":2}},"loc":{"start":{"line":17,"column":10},"end":{"line":28,"column":2}},"line":17}},"branchMap":{},"s":{"0":0,"1":0,"2":1},"f":{"0":0,"1":0},"b":{},"_coverageSchema":"332fd63041d2c1bcb487cc26dd0d5f7d97098a6c","hash":"1de58010d97ea49d9b955f910c9b5971ada9390d"}
,"C:\\Users\\Hp\\Documents\\Projects\\React-hotel-app\\client\\src\\components\\Success\\Success.jsx": {"path":"C:\\Users\\Hp\\Documents\\Projects\\React-hotel-app\\client\\src\\components\\Success\\Success.jsx","statementMap":{"0":{"start":{"line":7,"column":2},"end":{"line":14,"column":3}}},"fnMap":{"0":{"name":"(anonymous_0)","decl":{"start":{"line":6,"column":1},"end":{"line":6,"column":2}},"loc":{"start":{"line":6,"column":10},"end":{"line":15,"column":2}},"line":6}},"branchMap":{},"s":{"0":0},"f":{"0":0},"b":{},"_coverageSchema":"332fd63041d2c1bcb487cc26dd0d5f7d97098a6c","hash":"61ce7e49dac9d6ecb13536d5f2bdd8dc4619deef"}
,"C:\\Users\\Hp\\Documents\\Projects\\React-hotel-app\\client\\src\\selectors\\getFilteredHotels.js": {"path":"C:\\Users\\Hp\\Documents\\Projects\\React-hotel-app\\client\\src\\selectors\\getFilteredHotels.js","statementMap":{"0":{"start":{"line":1,"column":33},"end":{"line":11,"column":1}},"1":{"start":{"line":2,"column":22},"end":{"line":2,"column":40}},"2":{"start":{"line":4,"column":1},"end":{"line":10,"column":4}},"3":{"start":{"line":5,"column":15},"end":{"line":5,"column":31}},"4":{"start":{"line":7,"column":2},"end":{"line":9,"column":4}}},"fnMap":{"0":{"name":"(anonymous_0)","decl":{"start":{"line":1,"column":33},"end":{"line":1,"column":34}},"loc":{"start":{"line":1,"column":51},"end":{"line":11,"column":1}},"line":1},"1":{"name":"(anonymous_1)","decl":{"start":{"line":4,"column":22},"end":{"line":4,"column":23}},"loc":{"start":{"line":4,"column":31},"end":{"line":10,"column":2}},"line":4}},"branchMap":{},"s":{"0":1,"1":0,"2":0,"3":0,"4":0},"f":{"0":0,"1":0},"b":{},"_coverageSchema":"332fd63041d2c1bcb487cc26dd0d5f7d97098a6c","hash":"e9af67838f9a15a85747f3f4c3fea85d7afcf22c"}
,"C:\\Users\\Hp\\Documents\\Projects\\React-hotel-app\\client\\src\\test\\fixtures\\app_data.js": {"path":"C:\\Users\\Hp\\Documents\\Projects\\React-hotel-app\\client\\src\\test\\fixtures\\app_data.js","statementMap":{},"fnMap":{},"branchMap":{},"s":{},"f":{},"b":{},"_coverageSchema":"332fd63041d2c1bcb487cc26dd0d5f7d97098a6c","hash":"92dd599d238d2dc4b95c2567f2e4673871c726fa"}
}
