TN:
SF:C:\Users\Hp\Documents\Projects\React-hotel-app\client\src\setupTests.js
FNF:0
FNH:0
DA:5,8
LF:1
LH:1
BRF:0
BRH:0
end_of_record
TN:
SF:C:\Users\Hp\Documents\Projects\React-hotel-app\client\src\actions\index.js
FN:3,(anonymous_0)
FN:3,(anonymous_1)
FN:11,(anonymous_2)
FN:11,(anonymous_3)
FN:19,(anonymous_4)
FN:24,(anonymous_5)
FN:29,(anonymous_6)
FN:29,(anonymous_7)
FN:37,(anonymous_8)
FN:37,(anonymous_9)
FN:45,(anonymous_10)
FN:45,(anonymous_11)
FNF:12
FNH:0
FNDA:0,(anonymous_0)
FNDA:0,(anonymous_1)
FNDA:0,(anonymous_2)
FNDA:0,(anonymous_3)
FNDA:0,(anonymous_4)
FNDA:0,(anonymous_5)
FNDA:0,(anonymous_6)
FNDA:0,(anonymous_7)
FNDA:0,(anonymous_8)
FNDA:0,(anonymous_9)
FNDA:0,(anonymous_10)
FNDA:0,(anonymous_11)
DA:3,1
DA:4,0
DA:5,0
DA:11,1
DA:12,0
DA:13,0
DA:19,1
DA:24,1
DA:29,1
DA:30,0
DA:31,0
DA:37,1
DA:38,0
DA:39,0
DA:45,1
DA:46,0
DA:47,0
DA:48,0
DA:49,0
LF:19
LH:7
BRF:0
BRH:0
end_of_record
TN:
SF:C:\Users\Hp\Documents\Projects\React-hotel-app\client\src\components\ModalWindow.jsx
FN:17,(anonymous_0)
FNF:1
FNH:0
FNDA:0,(anonymous_0)
DA:5,1
DA:17,1
DA:18,0
DA:19,0
LF:4
LH:2
BRF:0
BRH:0
end_of_record
TN:
SF:C:\Users\Hp\Documents\Projects\React-hotel-app\client\src\components\External\Rating\StarFullFilled.jsx
FN:4,(anonymous_0)
FNF:1
FNH:1
FNDA:1,(anonymous_0)
DA:4,1
DA:5,1
DA:12,1
LF:3
LH:3
BRF:0
BRH:0
end_of_record
TN:
SF:C:\Users\Hp\Documents\Projects\React-hotel-app\client\src\components\External\Rating\StarOutlined.jsx
FN:4,(anonymous_0)
FNF:1
FNH:1
FNDA:1,(anonymous_0)
DA:4,1
DA:5,1
DA:12,1
LF:3
LH:3
BRF:0
BRH:0
end_of_record
TN:
SF:C:\Users\Hp\Documents\Projects\React-hotel-app\client\src\components\External\ToggleButton\ToggleButton.jsx
FN:4,(anonymous_0)
FN:9,(anonymous_1)
FN:13,(anonymous_2)
FNF:3
FNH:3
FNDA:4,(anonymous_0)
FNDA:1,(anonymous_1)
FNDA:4,(anonymous_2)
DA:5,4
DA:6,4
DA:10,1
DA:14,4
LF:4
LH:4
BRDA:16,0,0,1
BRDA:16,0,1,3
BRF:2
BRH:2
end_of_record
TN:
SF:C:\Users\Hp\Documents\Projects\React-hotel-app\client\src\components\Header\Header.jsx
FN:12,(anonymous_0)
FN:23,(anonymous_1)
FN:27,(anonymous_2)
FN:31,(anonymous_3)
FN:43,(anonymous_4)
FNF:5
FNH:2
FNDA:1,(anonymous_0)
FNDA:0,(anonymous_1)
FNDA:0,(anonymous_2)
FNDA:1,(anonymous_3)
FNDA:0,(anonymous_4)
DA:13,1
DA:15,1
DA:16,1
DA:18,1
DA:24,0
DA:28,0
DA:32,1
DA:43,1
DA:44,0
LF:9
LH:6
BRF:0
BRH:0
end_of_record
TN:
SF:C:\Users\Hp\Documents\Projects\React-hotel-app\client\src\components\HotelImage\HotelImage.jsx
FN:10,(anonymous_0)
FNF:1
FNH:1
FNDA:2,(anonymous_0)
DA:10,1
DA:11,2
LF:2
LH:2
BRDA:15,0,0,0
BRDA:15,0,1,2
BRF:2
BRH:1
end_of_record
TN:
SF:C:\Users\Hp\Documents\Projects\React-hotel-app\client\src\components\HotelLink\HotelLink.jsx
FN:10,(anonymous_0)
FNF:1
FNH:1
FNDA:1,(anonymous_0)
DA:10,1
DA:11,1
LF:2
LH:2
BRF:0
BRH:0
end_of_record
TN:
SF:C:\Users\Hp\Documents\Projects\React-hotel-app\client\src\components\AuthSystem\AuthSystem.jsxFN:14,(anonymous_0)
FN:37,(anonymous_1)
FN:56,mapStateToProps
FNF:3
FNH:0
FNDA:0,(anonymous_0)
FNDA:0,(anonymous_1)
FNDA:0,mapStateToProps
DA:15,0
DA:17,0
DA:21,0
DA:25,0
DA:38,0
DA:39,0
DA:57,0
LF:7
LH:0
BRDA:15,0,0,0
BRDA:15,0,1,0
BRDA:15,0,2,0
BRDA:41,1,0,0
BRDA:41,1,1,0
BRF:5
BRH:0
end_of_record
TN:
SF:C:\Users\Hp\Documents\Projects\React-hotel-app\client\src\components\Logo\Logo.jsx
FN:6,(anonymous_0)
FNF:1
FNH:1
FNDA:1,(anonymous_0)
DA:6,2
DA:7,1
LF:2
LH:2
BRF:0
BRH:0
end_of_record
TN:
SF:C:\Users\Hp\Documents\Projects\React-hotel-app\client\src\components\Payments\Payments.jsx
FN:7,(anonymous_0)
FN:12,(anonymous_1)
FNF:2
FNH:0
FNDA:0,(anonymous_0)
FNDA:0,(anonymous_1)
DA:8,0
DA:12,0
LF:2
LH:0
BRF:0
BRH:0
end_of_record
TN:
SF:C:\Users\Hp\Documents\Projects\React-hotel-app\client\src\components\SVG\Check.jsx
FN:3,(anonymous_0)
FNF:1
FNH:0
FNDA:0,(anonymous_0)
DA:3,1
DA:4,0
LF:2
LH:1
BRF:0
BRH:0
end_of_record
TN:
SF:C:\Users\Hp\Documents\Projects\React-hotel-app\client\src\components\SVG\Cross.jsx
FN:3,(anonymous_0)
FNF:1
FNH:0
FNDA:0,(anonymous_0)
DA:3,1
DA:4,0
LF:2
LH:1
BRF:0
BRH:0
end_of_record
TN:
SF:C:\Users\Hp\Documents\Projects\React-hotel-app\client\src\components\SVG\GooglePlus.jsx
FN:3,(anonymous_0)
FNF:1
FNH:0
FNDA:0,(anonymous_0)
DA:3,1
DA:4,0
LF:2
LH:1
BRF:0
BRH:0
end_of_record
TN:
SF:C:\Users\Hp\Documents\Projects\React-hotel-app\client\src\components\Search\Search.jsx
FN:13,(anonymous_0)
FN:17,(anonymous_1)
FNF:2
FNH:0
FNDA:0,(anonymous_0)
FNDA:0,(anonymous_1)
DA:14,0
DA:18,0
DA:31,1
LF:3
LH:1
BRF:0
BRH:0
end_of_record
TN:
SF:C:\Users\Hp\Documents\Projects\React-hotel-app\client\src\components\Success\Success.jsx
FN:6,(anonymous_0)
FNF:1
FNH:0
FNDA:0,(anonymous_0)
DA:7,0
LF:1
LH:0
BRF:0
BRH:0
end_of_record
TN:
SF:C:\Users\Hp\Documents\Projects\React-hotel-app\client\src\selectors\getFilteredHotels.js
FN:1,(anonymous_0)
FN:4,(anonymous_1)
FNF:2
FNH:0
FNDA:0,(anonymous_0)
FNDA:0,(anonymous_1)
DA:1,1
DA:2,0
DA:4,0
DA:5,0
DA:7,0
LF:5
LH:1
BRF:0
BRH:0
end_of_record
TN:
SF:C:\Users\Hp\Documents\Projects\React-hotel-app\client\src\test\fixtures\app_data.js
FNF:0
FNH:0
LF:0
LH:0
BRF:0
BRH:0
end_of_record
